{"C:\\Users\\ahmed\\Tictactrip\\src\\app.ts": {"path":"C:\\Users\\ahmed\\Tictactrip\\src\\app.ts","statementMap":{"0":{"start":{"line":6,"column":0},"end":{"line":6,"column":16}},"1":{"start":{"line":15,"column":0},"end":{"line":15,"column":16}},"2":{"start":{"line":26,"column":0},"end":{"line":26,"column":16}},"3":{"start":{"line":1,"column":0},"end":{"line":1,"column":69}},"4":{"start":{"line":2,"column":0},"end":{"line":2,"column":28}},"5":{"start":{"line":4,"column":72},"end":{"line":4,"column":74}},"6":{"start":{"line":7,"column":4},"end":{"line":11,"column":5}},"7":{"start":{"line":8,"column":22},"end":{"line":8,"column":41}},"8":{"start":{"line":9,"column":8},"end":{"line":9,"column":64}},"9":{"start":{"line":10,"column":8},"end":{"line":10,"column":21}},"10":{"start":{"line":12,"column":4},"end":{"line":12,"column":14}},"11":{"start":{"line":16,"column":4},"end":{"line":22,"column":5}},"12":{"start":{"line":17,"column":8},"end":{"line":19,"column":9}},"13":{"start":{"line":18,"column":12},"end":{"line":18,"column":25}},"14":{"start":{"line":20,"column":8},"end":{"line":20,"column":45}},"15":{"start":{"line":21,"column":8},"end":{"line":21,"column":20}},"16":{"start":{"line":23,"column":4},"end":{"line":23,"column":17}},"17":{"start":{"line":27,"column":28},"end":{"line":27,"column":43}},"18":{"start":{"line":28,"column":37},"end":{"line":28,"column":39}},"19":{"start":{"line":29,"column":32},"end":{"line":29,"column":34}},"20":{"start":{"line":32,"column":4},"end":{"line":40,"column":7}},"21":{"start":{"line":33,"column":27},"end":{"line":33,"column":55}},"22":{"start":{"line":34,"column":8},"end":{"line":39,"column":9}},"23":{"start":{"line":35,"column":12},"end":{"line":35,"column":35}},"24":{"start":{"line":37,"column":12},"end":{"line":37,"column":68}},"25":{"start":{"line":38,"column":12},"end":{"line":38,"column":33}},"26":{"start":{"line":42,"column":4},"end":{"line":44,"column":5}},"27":{"start":{"line":43,"column":8},"end":{"line":43,"column":51}},"28":{"start":{"line":46,"column":4},"end":{"line":46,"column":37}},"29":{"start":{"line":50,"column":25},"end":{"line":50,"column":41}},"30":{"start":{"line":51,"column":18},"end":{"line":51,"column":33}},"31":{"start":{"line":52,"column":28},"end":{"line":52,"column":73}},"32":{"start":{"line":53,"column":22},"end":{"line":53,"column":55}},"33":{"start":{"line":55,"column":4},"end":{"line":57,"column":5}},"34":{"start":{"line":55,"column":17},"end":{"line":55,"column":18}},"35":{"start":{"line":56,"column":8},"end":{"line":56,"column":24}},"36":{"start":{"line":59,"column":4},"end":{"line":59,"column":57}},"37":{"start":{"line":63,"column":4},"end":{"line":72,"column":7}},"38":{"start":{"line":64,"column":19},"end":{"line":64,"column":21}},"39":{"start":{"line":65,"column":8},"end":{"line":67,"column":11}},"40":{"start":{"line":66,"column":12},"end":{"line":66,"column":26}},"41":{"start":{"line":68,"column":8},"end":{"line":70,"column":11}},"42":{"start":{"line":69,"column":12},"end":{"line":69,"column":26}},"43":{"start":{"line":71,"column":8},"end":{"line":71,"column":32}},"44":{"start":{"line":76,"column":15},"end":{"line":125,"column":2}},"45":{"start":{"line":76,"column":80},"end":{"line":125,"column":2}},"46":{"start":{"line":77,"column":4},"end":{"line":124,"column":5}},"47":{"start":{"line":79,"column":8},"end":{"line":120,"column":9}},"48":{"start":{"line":80,"column":25},"end":{"line":80,"column":50}},"49":{"start":{"line":81,"column":30},"end":{"line":81,"column":46}},"50":{"start":{"line":83,"column":12},"end":{"line":87,"column":13}},"51":{"start":{"line":84,"column":16},"end":{"line":84,"column":37}},"52":{"start":{"line":85,"column":16},"end":{"line":85,"column":72}},"53":{"start":{"line":86,"column":16},"end":{"line":86,"column":23}},"54":{"start":{"line":89,"column":26},"end":{"line":89,"column":46}},"55":{"start":{"line":90,"column":12},"end":{"line":90,"column":33}},"56":{"start":{"line":91,"column":12},"end":{"line":91,"column":47}},"57":{"start":{"line":95,"column":13},"end":{"line":120,"column":9}},"58":{"start":{"line":96,"column":31},"end":{"line":96,"column":56}},"59":{"start":{"line":97,"column":26},"end":{"line":97,"column":64}},"60":{"start":{"line":99,"column":12},"end":{"line":103,"column":13}},"61":{"start":{"line":100,"column":16},"end":{"line":100,"column":37}},"62":{"start":{"line":101,"column":16},"end":{"line":101,"column":72}},"63":{"start":{"line":102,"column":16},"end":{"line":102,"column":23}},"64":{"start":{"line":105,"column":25},"end":{"line":105,"column":50}},"65":{"start":{"line":106,"column":30},"end":{"line":106,"column":52}},"66":{"start":{"line":108,"column":12},"end":{"line":112,"column":13}},"67":{"start":{"line":109,"column":16},"end":{"line":109,"column":37}},"68":{"start":{"line":110,"column":16},"end":{"line":110,"column":92}},"69":{"start":{"line":111,"column":16},"end":{"line":111,"column":23}},"70":{"start":{"line":114,"column":34},"end":{"line":114,"column":51}},"71":{"start":{"line":115,"column":12},"end":{"line":115,"column":33}},"72":{"start":{"line":116,"column":12},"end":{"line":116,"column":35}},"73":{"start":{"line":118,"column":12},"end":{"line":118,"column":33}},"74":{"start":{"line":119,"column":12},"end":{"line":119,"column":33}},"75":{"start":{"line":122,"column":8},"end":{"line":122,"column":29}},"76":{"start":{"line":123,"column":8},"end":{"line":123,"column":38}},"77":{"start":{"line":128,"column":13},"end":{"line":128,"column":17}},"78":{"start":{"line":129,"column":0},"end":{"line":131,"column":3}},"79":{"start":{"line":130,"column":4},"end":{"line":130,"column":62}}},"fnMap":{"0":{"name":"generateToken","decl":{"start":{"line":6,"column":16},"end":{"line":6,"column":29}},"loc":{"start":{"line":6,"column":43},"end":{"line":13,"column":1}}},"1":{"name":"trackWordUsage","decl":{"start":{"line":15,"column":16},"end":{"line":15,"column":30}},"loc":{"start":{"line":15,"column":63},"end":{"line":24,"column":1}}},"2":{"name":"justifyText","decl":{"start":{"line":26,"column":16},"end":{"line":26,"column":27}},"loc":{"start":{"line":26,"column":40},"end":{"line":47,"column":1}}},"3":{"name":"(anonymous_11)","decl":{"start":{"line":32,"column":18},"end":{"line":32,"column":19}},"loc":{"start":{"line":32,"column":27},"end":{"line":40,"column":5}}},"4":{"name":"justifyLine","decl":{"start":{"line":49,"column":9},"end":{"line":49,"column":20}},"loc":{"start":{"line":49,"column":33},"end":{"line":60,"column":1}}},"5":{"name":"getRequestBody","decl":{"start":{"line":62,"column":9},"end":{"line":62,"column":23}},"loc":{"start":{"line":62,"column":44},"end":{"line":73,"column":1}}},"6":{"name":"(anonymous_14)","decl":{"start":{"line":63,"column":23},"end":{"line":63,"column":24}},"loc":{"start":{"line":63,"column":43},"end":{"line":72,"column":5}}},"7":{"name":"(anonymous_15)","decl":{"start":{"line":65,"column":23},"end":{"line":65,"column":28}},"loc":{"start":{"line":65,"column":31},"end":{"line":67,"column":9}}},"8":{"name":"(anonymous_16)","decl":{"start":{"line":68,"column":22},"end":{"line":68,"column":25}},"loc":{"start":{"line":68,"column":27},"end":{"line":70,"column":9}}},"9":{"name":"(anonymous_17)","decl":{"start":{"line":76,"column":28},"end":{"line":76,"column":35}},"loc":{"start":{"line":76,"column":80},"end":{"line":125,"column":2}}},"10":{"name":"(anonymous_18)","decl":{"start":{"line":76,"column":80},"end":{"line":76,"column":null}},"loc":{"start":{"line":76,"column":80},"end":{"line":125,"column":1}}},"11":{"name":"(anonymous_19)","decl":{"start":{"line":129,"column":20},"end":{"line":129,"column":23}},"loc":{"start":{"line":129,"column":25},"end":{"line":131,"column":1}}}},"branchMap":{"0":{"loc":{"start":{"line":7,"column":4},"end":{"line":11,"column":5}},"type":"if","locations":[{"start":{"line":7,"column":4},"end":{"line":11,"column":5}}]},"1":{"loc":{"start":{"line":16,"column":4},"end":{"line":22,"column":5}},"type":"if","locations":[{"start":{"line":16,"column":4},"end":{"line":22,"column":5}}]},"2":{"loc":{"start":{"line":17,"column":8},"end":{"line":19,"column":9}},"type":"if","locations":[{"start":{"line":17,"column":8},"end":{"line":19,"column":9}}]},"3":{"loc":{"start":{"line":34,"column":8},"end":{"line":39,"column":9}},"type":"if","locations":[{"start":{"line":34,"column":8},"end":{"line":39,"column":9}},{"start":{"line":36,"column":15},"end":{"line":39,"column":9}}]},"4":{"loc":{"start":{"line":42,"column":4},"end":{"line":44,"column":5}},"type":"if","locations":[{"start":{"line":42,"column":4},"end":{"line":44,"column":5}}]},"5":{"loc":{"start":{"line":77,"column":4},"end":{"line":124,"column":5}},"type":"if","locations":[{"start":{"line":77,"column":4},"end":{"line":124,"column":5}},{"start":{"line":121,"column":11},"end":{"line":124,"column":5}}]},"6":{"loc":{"start":{"line":79,"column":8},"end":{"line":120,"column":9}},"type":"if","locations":[{"start":{"line":79,"column":8},"end":{"line":120,"column":9}},{"start":{"line":95,"column":13},"end":{"line":120,"column":9}}]},"7":{"loc":{"start":{"line":83,"column":12},"end":{"line":87,"column":13}},"type":"if","locations":[{"start":{"line":83,"column":12},"end":{"line":87,"column":13}}]},"8":{"loc":{"start":{"line":95,"column":13},"end":{"line":120,"column":9}},"type":"if","locations":[{"start":{"line":95,"column":13},"end":{"line":120,"column":9}},{"start":{"line":117,"column":15},"end":{"line":120,"column":9}}]},"9":{"loc":{"start":{"line":97,"column":26},"end":{"line":97,"column":64}},"type":"binary-expr","locations":[{"start":{"line":97,"column":26},"end":{"line":97,"column":36}},{"start":{"line":97,"column":40},"end":{"line":97,"column":64}}]},"10":{"loc":{"start":{"line":99,"column":12},"end":{"line":103,"column":13}},"type":"if","locations":[{"start":{"line":99,"column":12},"end":{"line":103,"column":13}}]},"11":{"loc":{"start":{"line":108,"column":12},"end":{"line":112,"column":13}},"type":"if","locations":[{"start":{"line":108,"column":12},"end":{"line":112,"column":13}}]}},"s":{"0":1,"1":1,"2":1,"3":1,"4":1,"5":1,"6":1,"7":1,"8":1,"9":1,"10":0,"11":2,"12":2,"13":1,"14":1,"15":1,"16":0,"17":1,"18":1,"19":1,"20":1,"21":317,"22":317,"23":294,"24":23,"25":23,"26":1,"27":1,"28":1,"29":23,"30":23,"31":23,"32":23,"33":23,"34":23,"35":61,"36":23,"37":0,"38":0,"39":0,"40":0,"41":0,"42":0,"43":0,"44":1,"45":0,"46":0,"47":0,"48":0,"49":0,"50":0,"51":0,"52":0,"53":0,"54":0,"55":0,"56":0,"57":0,"58":0,"59":0,"60":0,"61":0,"62":0,"63":0,"64":0,"65":0,"66":0,"67":0,"68":0,"69":0,"70":0,"71":0,"72":0,"73":0,"74":0,"75":0,"76":0,"77":1,"78":1,"79":0},"f":{"0":1,"1":2,"2":1,"3":317,"4":23,"5":0,"6":0,"7":0,"8":0,"9":0,"10":0,"11":0},"b":{"0":[1],"1":[2],"2":[1],"3":[294,23],"4":[1],"5":[0,0],"6":[0,0],"7":[0],"8":[0,0],"9":[0,0],"10":[0],"11":[0]}}
}
