TN:
SF:src\app.ts
FN:6,generateToken
FN:15,trackWordUsage
FN:26,justifyText
FN:32,(anonymous_11)
FN:49,justifyLine
FN:62,getRequestBody
FN:63,(anonymous_14)
FN:65,(anonymous_15)
FN:68,(anonymous_16)
FN:76,(anonymous_17)
FN:76,(anonymous_18)
FN:129,(anonymous_19)
FNF:12
FNH:5
FNDA:1,generateToken
FNDA:2,trackWordUsage
FNDA:1,justifyText
FNDA:317,(anonymous_11)
FNDA:23,justifyLine
FNDA:0,getRequestBody
FNDA:0,(anonymous_14)
FNDA:0,(anonymous_15)
FNDA:0,(anonymous_16)
FNDA:0,(anonymous_17)
FNDA:0,(anonymous_18)
FNDA:0,(anonymous_19)
DA:1,1
DA:2,1
DA:4,1
DA:6,1
DA:7,1
DA:8,1
DA:9,1
DA:10,1
DA:12,0
DA:15,1
DA:16,2
DA:17,2
DA:18,1
DA:20,1
DA:21,1
DA:23,0
DA:26,1
DA:27,1
DA:28,1
DA:29,1
DA:32,1
DA:33,317
DA:34,317
DA:35,294
DA:37,23
DA:38,23
DA:42,1
DA:43,1
DA:46,1
DA:50,23
DA:51,23
DA:52,23
DA:53,23
DA:55,23
DA:56,61
DA:59,23
DA:63,0
DA:64,0
DA:65,0
DA:66,0
DA:68,0
DA:69,0
DA:71,0
DA:76,1
DA:77,0
DA:79,0
DA:80,0
DA:81,0
DA:83,0
DA:84,0
DA:85,0
DA:86,0
DA:89,0
DA:90,0
DA:91,0
DA:95,0
DA:96,0
DA:97,0
DA:99,0
DA:100,0
DA:101,0
DA:102,0
DA:105,0
DA:106,0
DA:108,0
DA:109,0
DA:110,0
DA:111,0
DA:114,0
DA:115,0
DA:116,0
DA:118,0
DA:119,0
DA:122,0
DA:123,0
DA:128,1
DA:129,1
DA:130,0
LF:78
LH:37
BRDA:7,0,0,1
BRDA:16,1,0,2
BRDA:17,2,0,1
BRDA:34,3,0,294
BRDA:34,3,1,23
BRDA:42,4,0,1
BRDA:77,5,0,0
BRDA:77,5,1,0
BRDA:79,6,0,0
BRDA:79,6,1,0
BRDA:83,7,0,0
BRDA:95,8,0,0
BRDA:95,8,1,0
BRDA:97,9,0,0
BRDA:97,9,1,0
BRDA:99,10,0,0
BRDA:108,11,0,0
BRF:17
BRH:6
end_of_record
